0 info it worked if it ends with ok
1 verbose cli [ 'C:\\Program Files\\nodejs\\\\node.exe',
1 verbose cli   'C:\\Program Files\\nodejs\\node_modules\\npm\\bin\\npm-cli.js',
1 verbose cli   'install' ]
2 info using npm@1.4.28
3 info using node@v0.10.32
4 verbose node symlink C:\Program Files\nodejs\\node.exe
5 warn package.json GitHubStatus@0.0.3 No repository field.
6 verbose readDependencies using package.json deps
7 verbose install where, deps [ 'C:\\Workspace_Node\\BigPanda\\final_answer',
7 verbose install   [ 'express', 'mongoose', 'request' ] ]
8 info preinstall GitHubStatus@0.0.3
9 verbose readDependencies using package.json deps
10 verbose cache add [ 'express@~4.7.2', null ]
11 verbose cache add name=undefined spec="express@~4.7.2" args=["express@~4.7.2",null]
12 verbose parsed url { protocol: null,
12 verbose parsed url   slashes: null,
12 verbose parsed url   auth: null,
12 verbose parsed url   host: null,
12 verbose parsed url   port: null,
12 verbose parsed url   hostname: null,
12 verbose parsed url   hash: null,
12 verbose parsed url   search: null,
12 verbose parsed url   query: null,
12 verbose parsed url   pathname: 'express@~4.7.2',
12 verbose parsed url   path: 'express@~4.7.2',
12 verbose parsed url   href: 'express@~4.7.2' }
13 verbose cache add [ 'mongoose@~3.6.2', null ]
14 verbose cache add name=undefined spec="mongoose@~3.6.2" args=["mongoose@~3.6.2",null]
15 verbose parsed url { protocol: null,
15 verbose parsed url   slashes: null,
15 verbose parsed url   auth: null,
15 verbose parsed url   host: null,
15 verbose parsed url   port: null,
15 verbose parsed url   hostname: null,
15 verbose parsed url   hash: null,
15 verbose parsed url   search: null,
15 verbose parsed url   query: null,
15 verbose parsed url   pathname: 'mongoose@~3.6.2',
15 verbose parsed url   path: 'mongoose@~3.6.2',
15 verbose parsed url   href: 'mongoose@~3.6.2' }
16 verbose cache add [ 'request@~2.6.0', null ]
17 verbose cache add name=undefined spec="request@~2.6.0" args=["request@~2.6.0",null]
18 verbose parsed url { protocol: null,
18 verbose parsed url   slashes: null,
18 verbose parsed url   auth: null,
18 verbose parsed url   host: null,
18 verbose parsed url   port: null,
18 verbose parsed url   hostname: null,
18 verbose parsed url   hash: null,
18 verbose parsed url   search: null,
18 verbose parsed url   query: null,
18 verbose parsed url   pathname: 'request@~2.6.0',
18 verbose parsed url   path: 'request@~2.6.0',
18 verbose parsed url   href: 'request@~2.6.0' }
19 verbose cache add name="express" spec="~4.7.2" args=["express","~4.7.2"]
20 verbose parsed url { protocol: null,
20 verbose parsed url   slashes: null,
20 verbose parsed url   auth: null,
20 verbose parsed url   host: null,
20 verbose parsed url   port: null,
20 verbose parsed url   hostname: null,
20 verbose parsed url   hash: null,
20 verbose parsed url   search: null,
20 verbose parsed url   query: null,
20 verbose parsed url   pathname: '~4.7.2',
20 verbose parsed url   path: '~4.7.2',
20 verbose parsed url   href: '~4.7.2' }
21 verbose addNamed [ 'express', '~4.7.2' ]
22 verbose addNamed [ null, '>=4.7.2-0 <4.8.0-0' ]
23 verbose cache add name="mongoose" spec="~3.6.2" args=["mongoose","~3.6.2"]
24 verbose parsed url { protocol: null,
24 verbose parsed url   slashes: null,
24 verbose parsed url   auth: null,
24 verbose parsed url   host: null,
24 verbose parsed url   port: null,
24 verbose parsed url   hostname: null,
24 verbose parsed url   hash: null,
24 verbose parsed url   search: null,
24 verbose parsed url   query: null,
24 verbose parsed url   pathname: '~3.6.2',
24 verbose parsed url   path: '~3.6.2',
24 verbose parsed url   href: '~3.6.2' }
25 verbose addNamed [ 'mongoose', '~3.6.2' ]
26 verbose addNamed [ null, '>=3.6.2-0 <3.7.0-0' ]
27 verbose cache add name="request" spec="~2.6.0" args=["request","~2.6.0"]
28 verbose parsed url { protocol: null,
28 verbose parsed url   slashes: null,
28 verbose parsed url   auth: null,
28 verbose parsed url   host: null,
28 verbose parsed url   port: null,
28 verbose parsed url   hostname: null,
28 verbose parsed url   hash: null,
28 verbose parsed url   search: null,
28 verbose parsed url   query: null,
28 verbose parsed url   pathname: '~2.6.0',
28 verbose parsed url   path: '~2.6.0',
28 verbose parsed url   href: '~2.6.0' }
29 verbose addNamed [ 'request', '~2.6.0' ]
30 verbose addNamed [ null, '>=2.6.0-0 <2.7.0-0' ]
31 silly lockFile ef4e1f61-express-4-7-2 express@~4.7.2
32 verbose lock express@~4.7.2 C:\Users\Idan\AppData\Roaming\npm-cache\ef4e1f61-express-4-7-2.lock
33 silly lockFile 96ad86c1-mongoose-3-6-2 mongoose@~3.6.2
34 verbose lock mongoose@~3.6.2 C:\Users\Idan\AppData\Roaming\npm-cache\96ad86c1-mongoose-3-6-2.lock
35 silly lockFile a12043ee-request-2-6-0 request@~2.6.0
36 verbose lock request@~2.6.0 C:\Users\Idan\AppData\Roaming\npm-cache\a12043ee-request-2-6-0.lock
37 silly addNameRange { name: 'express', range: '>=4.7.2-0 <4.8.0-0', hasData: false }
38 silly addNameRange { name: 'mongoose', range: '>=3.6.2-0 <3.7.0-0', hasData: false }
39 silly addNameRange { name: 'request', range: '>=2.6.0-0 <2.7.0-0', hasData: false }
40 verbose request where is /express
41 verbose request registry https://registry.npmjs.org/
42 verbose request id 02a7c4427e84e829
43 verbose url raw /express
44 verbose url resolving [ 'https://registry.npmjs.org/', './express' ]
45 verbose url resolved https://registry.npmjs.org/express
46 verbose request where is https://registry.npmjs.org/express
47 info trying registry request attempt 1 at 00:47:21
48 verbose etag "4T1VBPXTNWXKYO19PY0V0QJEP"
49 http GET https://registry.npmjs.org/express
50 verbose request where is /request
51 verbose request registry https://registry.npmjs.org/
52 verbose url raw /request
53 verbose url resolving [ 'https://registry.npmjs.org/', './request' ]
54 verbose url resolved https://registry.npmjs.org/request
55 verbose request where is https://registry.npmjs.org/request
56 info trying registry request attempt 1 at 00:47:21
57 verbose etag "8E2TDXXN4ITKGCA1MIU37V9IS"
58 http GET https://registry.npmjs.org/request
59 verbose request where is /mongoose
60 verbose request registry https://registry.npmjs.org/
61 verbose url raw /mongoose
62 verbose url resolving [ 'https://registry.npmjs.org/', './mongoose' ]
63 verbose url resolved https://registry.npmjs.org/mongoose
64 verbose request where is https://registry.npmjs.org/mongoose
65 info trying registry request attempt 1 at 00:47:21
66 verbose etag "7T8VP2JKT7U20933L0WKMUGCV"
67 http GET https://registry.npmjs.org/mongoose
68 http 304 https://registry.npmjs.org/request
69 silly registry.get cb [ 304,
69 silly registry.get   { date: 'Tue, 28 Jul 2015 21:47:20 GMT',
69 silly registry.get     via: '1.1 varnish',
69 silly registry.get     'cache-control': 'max-age=60',
69 silly registry.get     etag: '"8E2TDXXN4ITKGCA1MIU37V9IS"',
69 silly registry.get     age: '29',
69 silly registry.get     connection: 'keep-alive',
69 silly registry.get     'x-served-by': 'cache-lcy1128-LCY',
69 silly registry.get     'x-cache': 'HIT',
69 silly registry.get     'x-cache-hits': '1',
69 silly registry.get     'x-timer': 'S1438120040.650138,VS0,VE1',
69 silly registry.get     vary: 'Accept' } ]
70 verbose etag https://registry.npmjs.org/request from cache
71 http 304 https://registry.npmjs.org/express
72 silly registry.get cb [ 304,
72 silly registry.get   { date: 'Tue, 28 Jul 2015 21:47:20 GMT',
72 silly registry.get     via: '1.1 varnish',
72 silly registry.get     'cache-control': 'max-age=60',
72 silly registry.get     etag: '"4T1VBPXTNWXKYO19PY0V0QJEP"',
72 silly registry.get     age: '10',
72 silly registry.get     connection: 'keep-alive',
72 silly registry.get     'x-served-by': 'cache-lhr6321-LHR',
72 silly registry.get     'x-cache': 'HIT',
72 silly registry.get     'x-cache-hits': '1',
72 silly registry.get     'x-timer': 'S1438120040.642921,VS0,VE5',
72 silly registry.get     vary: 'Accept' } ]
73 verbose etag https://registry.npmjs.org/express from cache
74 http 304 https://registry.npmjs.org/mongoose
75 silly registry.get cb [ 304,
75 silly registry.get   { date: 'Tue, 28 Jul 2015 21:47:20 GMT',
75 silly registry.get     via: '1.1 varnish',
75 silly registry.get     'cache-control': 'max-age=60',
75 silly registry.get     etag: '"7T8VP2JKT7U20933L0WKMUGCV"',
75 silly registry.get     age: '19',
75 silly registry.get     connection: 'keep-alive',
75 silly registry.get     'x-served-by': 'cache-lcy1125-LCY',
75 silly registry.get     'x-cache': 'HIT',
75 silly registry.get     'x-cache-hits': '3',
75 silly registry.get     'x-timer': 'S1438120040.657534,VS0,VE0',
75 silly registry.get     vary: 'Accept' } ]
76 verbose etag https://registry.npmjs.org/mongoose from cache
77 silly addNameRange number 2 { name: 'express', range: '>=4.7.2-0 <4.8.0-0', hasData: true }
78 silly addNameRange versions [ 'express',
78 silly addNameRange   [ '0.14.0',
78 silly addNameRange     '0.14.1',
78 silly addNameRange     '1.0.0',
78 silly addNameRange     '1.0.1',
78 silly addNameRange     '1.0.2',
78 silly addNameRange     '1.0.3',
78 silly addNameRange     '1.0.4',
78 silly addNameRange     '1.0.5',
78 silly addNameRange     '1.0.6',
78 silly addNameRange     '1.0.7',
78 silly addNameRange     '1.0.8',
78 silly addNameRange     '2.0.0',
78 silly addNameRange     '2.1.0',
78 silly addNameRange     '2.1.1',
78 silly addNameRange     '2.2.0',
78 silly addNameRange     '2.2.1',
78 silly addNameRange     '2.2.2',
78 silly addNameRange     '2.3.0',
78 silly addNameRange     '2.3.1',
78 silly addNameRange     '2.3.2',
78 silly addNameRange     '2.3.3',
78 silly addNameRange     '2.3.4',
78 silly addNameRange     '2.3.5',
78 silly addNameRange     '2.3.6',
78 silly addNameRange     '2.3.7',
78 silly addNameRange     '2.3.8',
78 silly addNameRange     '2.3.9',
78 silly addNameRange     '2.3.10',
78 silly addNameRange     '2.3.11',
78 silly addNameRange     '2.3.12',
78 silly addNameRange     '2.4.0',
78 silly addNameRange     '2.4.1',
78 silly addNameRange     '2.4.2',
78 silly addNameRange     '2.4.3',
78 silly addNameRange     '2.4.4',
78 silly addNameRange     '2.4.5',
78 silly addNameRange     '2.4.6',
78 silly addNameRange     '2.4.7',
78 silly addNameRange     '2.5.0',
78 silly addNameRange     '2.5.1',
78 silly addNameRange     '2.5.2',
78 silly addNameRange     '2.5.3',
78 silly addNameRange     '2.5.4',
78 silly addNameRange     '2.5.5',
78 silly addNameRange     '2.5.6',
78 silly addNameRange     '2.5.7',
78 silly addNameRange     '2.5.8',
78 silly addNameRange     '2.5.9',
78 silly addNameRange     '2.5.10',
78 silly addNameRange     '2.5.11',
78 silly addNameRange     '3.0.0',
78 silly addNameRange     '3.0.1',
78 silly addNameRange     '3.0.2',
78 silly addNameRange     '3.0.3',
78 silly addNameRange     '3.0.4',
78 silly addNameRange     '3.0.5',
78 silly addNameRange     '3.0.6',
78 silly addNameRange     '3.1.0',
78 silly addNameRange     '3.1.1',
78 silly addNameRange     '3.1.2',
78 silly addNameRange     '3.2.0',
78 silly addNameRange     '3.2.1',
78 silly addNameRange     '3.2.2',
78 silly addNameRange     '3.2.3',
78 silly addNameRange     '3.2.4',
78 silly addNameRange     '3.2.5',
78 silly addNameRange     '3.2.6',
78 silly addNameRange     '3.3.0',
78 silly addNameRange     '3.3.1',
78 silly addNameRange     '3.3.2',
78 silly addNameRange     '3.3.3',
78 silly addNameRange     '3.3.4',
78 silly addNameRange     '3.3.5',
78 silly addNameRange     '3.3.6',
78 silly addNameRange     '1.0.0-beta',
78 silly addNameRange     '1.0.0-beta2',
78 silly addNameRange     '1.0.0-rc',
78 silly addNameRange     '1.0.0-rc2',
78 silly addNameRange     '1.0.0-rc3',
78 silly addNameRange     '1.0.0-rc4',
78 silly addNameRange     '2.0.0-beta',
78 silly addNameRange     '2.0.0-beta2',
78 silly addNameRange     '2.0.0-beta3',
78 silly addNameRange     '2.0.0-rc',
78 silly addNameRange     '2.0.0-rc2',
78 silly addNameRange     '2.0.0-rc3',
78 silly addNameRange     '3.0.0-alpha1',
78 silly addNameRange     '3.0.0-alpha2',
78 silly addNameRange     '3.0.0-alpha3',
78 silly addNameRange     '3.0.0-alpha4',
78 silly addNameRange     '3.0.0-alpha5',
78 silly addNameRange     '3.0.0-beta1',
78 silly addNameRange     '3.0.0-beta2',
78 silly addNameRange     '3.0.0-beta3',
78 silly addNameRange     '3.0.0-beta4',
78 silly addNameRange     '3.0.0-beta6',
78 silly addNameRange     '3.0.0-beta7',
78 silly addNameRange     '3.0.0-rc1',
78 silly addNameRange     '3.0.0-rc2',
78 silly addNameRange     '3.0.0-rc3',
78 silly addNameRange     '3.0.0-rc4',
78 silly addNameRange     '3.0.0-rc5',
78 silly addNameRange     '3.3.7',
78 silly addNameRange     '3.3.8',
78 silly addNameRange     '3.4.0',
78 silly addNameRange     '3.4.1',
78 silly addNameRange     '3.4.2',
78 silly addNameRange     '3.4.3',
78 silly addNameRange     '3.4.4',
78 silly addNameRange     '3.4.5',
78 silly addNameRange     '3.4.6',
78 silly addNameRange     '3.4.7',
78 silly addNameRange     '3.4.8',
78 silly addNameRange     '4.0.0-rc1',
78 silly addNameRange     '4.0.0-rc2',
78 silly addNameRange     '3.5.0',
78 silly addNameRange     '4.0.0-rc3',
78 silly addNameRange     '4.0.0-rc4',
78 silly addNameRange     '3.5.1',
78 silly addNameRange     '4.0.0',
78 silly addNameRange     '3.5.2',
78 silly addNameRange     '4.1.0',
78 silly addNameRange     '4.1.1',
78 silly addNameRange     '3.5.3',
78 silly addNameRange     '4.1.2',
78 silly addNameRange     '3.6.0',
78 silly addNameRange     '4.2.0',
78 silly addNameRange     '3.7.0',
78 silly addNameRange     '3.8.0',
78 silly addNameRange     '4.3.0',
78 silly addNameRange     '4.3.1',
78 silly addNameRange     '3.8.1',
78 silly addNameRange     '4.3.2',
78 silly addNameRange     '3.9.0',
78 silly addNameRange     '4.4.0',
78 silly addNameRange     '4.4.1',
78 silly addNameRange     '3.10.0',
78 silly addNameRange     '3.10.1',
78 silly addNameRange     '3.10.2',
78 silly addNameRange     '3.10.3',
78 silly addNameRange     '3.10.4',
78 silly addNameRange     '4.4.2',
78 silly addNameRange     '3.10.5',
78 silly addNameRange     '4.4.3',
78 silly addNameRange     '3.11.0',
78 silly addNameRange     '4.4.4',
78 silly addNameRange     '3.12.0',
78 silly addNameRange     '3.12.1',
78 silly addNameRange     '4.4.5',
78 silly addNameRange     '3.13.0',
78 silly addNameRange     '4.5.0',
78 silly addNameRange     '4.5.1',
78 silly addNameRange     '3.14.0',
78 silly addNameRange     '4.6.0',
78 silly addNameRange     '4.6.1',
78 silly addNameRange     '3.15.0',
78 silly addNameRange     '4.7.0',
78 silly addNameRange     '3.15.1',
78 silly addNameRange     '4.7.1',
78 silly addNameRange     '3.15.2',
78 silly addNameRange     '4.7.2',
78 silly addNameRange     '4.7.3',
78 silly addNameRange     '3.15.3',
78 silly addNameRange     '4.7.4',
78 silly addNameRange     '3.16.0',
78 silly addNameRange     '4.8.0',
78 silly addNameRange     '3.16.1',
78 silly addNameRange     '4.8.1',
78 silly addNameRange     '3.16.2',
78 silly addNameRange     '4.8.2',
78 silly addNameRange     '3.16.3',
78 silly addNameRange     '3.16.4',
78 silly addNameRange     '4.8.3',
78 silly addNameRange     '3.16.5',
78 silly addNameRange     '3.16.6',
78 silly addNameRange     '4.8.4',
78 silly addNameRange     '3.16.7',
78 silly addNameRange     '4.8.5',
78 silly addNameRange     '3.16.8',
78 silly addNameRange     '4.8.6',
78 silly addNameRange     '3.16.9',
78 silly addNameRange     '4.8.7',
78 silly addNameRange     '3.16.10',
78 silly addNameRange     '4.8.8',
78 silly addNameRange     '3.17.0',
78 silly addNameRange     '3.17.1',
78 silly addNameRange     '4.9.0',
78 silly addNameRange     '3.17.2',
78 silly addNameRange     '4.9.1',
78 silly addNameRange     '4.9.2',
78 silly addNameRange     '3.17.3',
78 silly addNameRange     '4.9.3',
78 silly addNameRange     '3.17.4',
78 silly addNameRange     '4.9.4',
78 silly addNameRange     '3.17.5',
78 silly addNameRange     '4.9.5',
78 silly addNameRange     '3.17.6',
78 silly addNameRange     '3.17.7',
78 silly addNameRange     '4.9.6',
78 silly addNameRange     '4.9.7',
78 silly addNameRange     '3.17.8',
78 silly addNameRange     '4.9.8',
78 silly addNameRange     '3.18.0',
78 silly addNameRange     '3.18.1',
78 silly addNameRange     '4.10.0',
78 silly addNameRange     '3.18.2',
78 silly addNameRange     '4.10.1',
78 silly addNameRange     '5.0.0-alpha.1',
78 silly addNameRange     '3.18.3',
78 silly addNameRange     '4.10.2',
78 silly addNameRange     '3.18.4',
78 silly addNameRange     '4.10.3',
78 silly addNameRange     '4.10.4',
78 silly addNameRange     '4.10.5',
78 silly addNameRange     '3.18.5',
78 silly addNameRange     '3.18.6',
78 silly addNameRange     '4.10.6',
78 silly addNameRange     '4.10.7',
78 silly addNameRange     '3.19.0',
78 silly addNameRange     '4.10.8',
78 silly addNameRange     '4.11.0',
78 silly addNameRange     '3.19.1',
78 silly addNameRange     '4.11.1',
78 silly addNameRange     '3.19.2',
78 silly addNameRange     '4.11.2',
78 silly addNameRange     '3.20.0',
78 silly addNameRange     '4.12.0',
78 silly addNameRange     '3.20.1',
78 silly addNameRange     '4.12.1',
78 silly addNameRange     '4.12.2',
78 silly addNameRange     '3.20.2',
78 silly addNameRange     '4.12.3',
78 silly addNameRange     '3.20.3',
78 silly addNameRange     '4.12.4',
78 silly addNameRange     '3.21.0',
78 silly addNameRange     '4.13.0',
78 silly addNameRange     '3.21.1',
78 silly addNameRange     '4.13.1',
78 silly addNameRange     '5.0.0-alpha.2' ] ]
79 verbose addNamed [ 'express', '4.7.4' ]
80 verbose addNamed [ '4.7.4', '4.7.4' ]
81 silly lockFile 70e7f37f-express-4-7-4 express@4.7.4
82 verbose lock express@4.7.4 C:\Users\Idan\AppData\Roaming\npm-cache\70e7f37f-express-4-7-4.lock
83 silly addNameRange number 2 { name: 'request', range: '>=2.6.0-0 <2.7.0-0', hasData: true }
84 silly addNameRange versions [ 'request',
84 silly addNameRange   [ '0.10.0',
84 silly addNameRange     '0.8.3',
84 silly addNameRange     '0.9.0',
84 silly addNameRange     '0.9.1',
84 silly addNameRange     '0.9.5',
84 silly addNameRange     '1.0.0',
84 silly addNameRange     '1.1.0',
84 silly addNameRange     '1.1.1',
84 silly addNameRange     '1.2.0',
84 silly addNameRange     '1.9.0',
84 silly addNameRange     '1.9.1',
84 silly addNameRange     '1.9.2',
84 silly addNameRange     '1.9.3',
84 silly addNameRange     '1.9.5',
84 silly addNameRange     '1.9.7',
84 silly addNameRange     '1.9.8',
84 silly addNameRange     '1.9.9',
84 silly addNameRange     '2.0.0',
84 silly addNameRange     '2.0.1',
84 silly addNameRange     '2.0.2',
84 silly addNameRange     '2.0.3',
84 silly addNameRange     '2.0.4',
84 silly addNameRange     '2.0.5',
84 silly addNameRange     '2.1.0',
84 silly addNameRange     '2.1.1',
84 silly addNameRange     '2.2.0',
84 silly addNameRange     '2.2.5',
84 silly addNameRange     '2.2.6',
84 silly addNameRange     '2.2.9',
84 silly addNameRange     '2.9.0',
84 silly addNameRange     '2.9.1',
84 silly addNameRange     '2.9.2',
84 silly addNameRange     '2.9.3',
84 silly addNameRange     '2.9.100',
84 silly addNameRange     '2.9.150',
84 silly addNameRange     '2.9.151',
84 silly addNameRange     '2.9.152',
84 silly addNameRange     '2.9.153',
84 silly addNameRange     '2.9.200',
84 silly addNameRange     '2.9.201',
84 silly addNameRange     '2.9.202',
84 silly addNameRange     '2.9.203',
84 silly addNameRange     '2.10.0',
84 silly addNameRange     '2.11.0',
84 silly addNameRange     '2.11.1',
84 silly addNameRange     '2.11.2',
84 silly addNameRange     '2.11.3',
84 silly addNameRange     '2.11.4',
84 silly addNameRange     '2.12.0',
84 silly addNameRange     '2.14.0',
84 silly addNameRange     '2.16.0',
84 silly addNameRange     '2.16.2',
84 silly addNameRange     '2.16.4',
84 silly addNameRange     '2.16.6',
84 silly addNameRange     '2.18.0',
84 silly addNameRange     '2.19.0',
84 silly addNameRange     '2.20.0',
84 silly addNameRange     '2.21.0',
84 silly addNameRange     '2.22.0',
84 silly addNameRange     '2.23.0',
84 silly addNameRange     '2.24.0',
84 silly addNameRange     '2.25.0',
84 silly addNameRange     '2.26.0',
84 silly addNameRange     '2.27.0',
84 silly addNameRange     '2.28.0',
84 silly addNameRange     '2.29.0',
84 silly addNameRange     '2.30.0',
84 silly addNameRange     '2.31.0',
84 silly addNameRange     '2.32.0',
84 silly addNameRange     '2.33.0',
84 silly addNameRange     '2.34.0',
84 silly addNameRange     '2.35.0',
84 silly addNameRange     '2.36.0',
84 silly addNameRange     '2.37.0',
84 silly addNameRange     '2.38.0',
84 silly addNameRange     '2.39.0',
84 silly addNameRange     '2.40.0',
84 silly addNameRange     '2.41.0',
84 silly addNameRange     '2.42.0',
84 silly addNameRange     '2.43.0',
84 silly addNameRange     '2.44.0',
84 silly addNameRange     '2.45.0',
84 silly addNameRange     '2.46.0',
84 silly addNameRange     '2.47.0',
84 silly addNameRange     '2.48.0',
84 silly addNameRange     '2.49.0',
84 silly addNameRange     '2.50.0',
84 silly addNameRange     '2.51.0',
84 silly addNameRange     '2.52.0',
84 silly addNameRange     '2.53.0',
84 silly addNameRange     '2.54.0',
84 silly addNameRange     '2.55.0',
84 silly addNameRange     '2.56.0',
84 silly addNameRange     '2.57.0',
84 silly addNameRange     '2.58.0',
84 silly addNameRange     '2.59.0',
84 silly addNameRange     '2.60.0' ] ]
85 silly lockFile a12043ee-request-2-6-0 request@~2.6.0
86 silly lockFile a12043ee-request-2-6-0 request@~2.6.0
87 silly addNameRange number 2 { name: 'mongoose', range: '>=3.6.2-0 <3.7.0-0', hasData: true }
88 silly addNameRange versions [ 'mongoose',
88 silly addNameRange   [ '0.0.1',
88 silly addNameRange     '0.0.2',
88 silly addNameRange     '0.0.3',
88 silly addNameRange     '0.0.4',
88 silly addNameRange     '0.0.5',
88 silly addNameRange     '1.0.0',
88 silly addNameRange     '1.0.1',
88 silly addNameRange     '1.0.2',
88 silly addNameRange     '0.0.6',
88 silly addNameRange     '1.0.3',
88 silly addNameRange     '1.0.4',
88 silly addNameRange     '1.0.5',
88 silly addNameRange     '1.0.6',
88 silly addNameRange     '1.0.7',
88 silly addNameRange     '1.0.8',
88 silly addNameRange     '1.0.10',
88 silly addNameRange     '1.0.11',
88 silly addNameRange     '1.0.12',
88 silly addNameRange     '1.0.13',
88 silly addNameRange     '1.0.14',
88 silly addNameRange     '1.0.15',
88 silly addNameRange     '1.0.16',
88 silly addNameRange     '1.1.0',
88 silly addNameRange     '1.1.1',
88 silly addNameRange     '1.1.2',
88 silly addNameRange     '1.1.3',
88 silly addNameRange     '1.1.4',
88 silly addNameRange     '1.1.5',
88 silly addNameRange     '1.1.6',
88 silly addNameRange     '1.1.7',
88 silly addNameRange     '1.1.8',
88 silly addNameRange     '1.1.9',
88 silly addNameRange     '1.1.10',
88 silly addNameRange     '1.1.11',
88 silly addNameRange     '1.1.12',
88 silly addNameRange     '1.1.13',
88 silly addNameRange     '1.1.14',
88 silly addNameRange     '1.1.15',
88 silly addNameRange     '1.1.16',
88 silly addNameRange     '1.1.17',
88 silly addNameRange     '1.1.18',
88 silly addNameRange     '1.1.19',
88 silly addNameRange     '1.1.20',
88 silly addNameRange     '1.1.21',
88 silly addNameRange     '1.1.22',
88 silly addNameRange     '1.1.23',
88 silly addNameRange     '1.1.24',
88 silly addNameRange     '1.1.25',
88 silly addNameRange     '1.2.0',
88 silly addNameRange     '1.3.0',
88 silly addNameRange     '1.3.1',
88 silly addNameRange     '1.3.2',
88 silly addNameRange     '1.3.3',
88 silly addNameRange     '1.3.4',
88 silly addNameRange     '1.3.5',
88 silly addNameRange     '1.3.6',
88 silly addNameRange     '1.3.7',
88 silly addNameRange     '1.4.0',
88 silly addNameRange     '1.5.0',
88 silly addNameRange     '1.6.0',
88 silly addNameRange     '1.7.2',
88 silly addNameRange     '1.7.3',
88 silly addNameRange     '1.7.4',
88 silly addNameRange     '1.8.0',
88 silly addNameRange     '1.8.1',
88 silly addNameRange     '1.8.2',
88 silly addNameRange     '1.8.3',
88 silly addNameRange     '1.8.4',
88 silly addNameRange     '2.0.0',
88 silly addNameRange     '2.0.1',
88 silly addNameRange     '2.0.2',
88 silly addNameRange     '2.0.3',
88 silly addNameRange     '2.0.4',
88 silly addNameRange     '2.1.0',
88 silly addNameRange     '2.1.1',
88 silly addNameRange     '2.1.2',
88 silly addNameRange     '2.1.3',
88 silly addNameRange     '2.1.4',
88 silly addNameRange     '2.2.0',
88 silly addNameRange     '2.2.1',
88 silly addNameRange     '2.2.2',
88 silly addNameRange     '2.2.3',
88 silly addNameRange     '2.2.4',
88 silly addNameRange     '2.3.0',
88 silly addNameRange     '2.3.1',
88 silly addNameRange     '2.3.2',
88 silly addNameRange     '2.3.3',
88 silly addNameRange     '2.3.4',
88 silly addNameRange     '2.3.5',
88 silly addNameRange     '2.3.6',
88 silly addNameRange     '2.3.7',
88 silly addNameRange     '2.3.8',
88 silly addNameRange     '2.3.9',
88 silly addNameRange     '2.3.10',
88 silly addNameRange     '2.3.11',
88 silly addNameRange     '2.3.12',
88 silly addNameRange     '2.3.13',
88 silly addNameRange     '2.4.0',
88 silly addNameRange     '2.4.1',
88 silly addNameRange     '2.4.2',
88 silly addNameRange     '2.4.3',
88 silly addNameRange     '2.4.4',
88 silly addNameRange     '2.4.5',
88 silly addNameRange     '2.4.6',
88 silly addNameRange     '2.4.7',
88 silly addNameRange     '2.4.8',
88 silly addNameRange     '2.4.9',
88 silly addNameRange     '2.4.10',
88 silly addNameRange     '2.5.0',
88 silly addNameRange     '2.5.1',
88 silly addNameRange     '2.5.2',
88 silly addNameRange     '2.5.3',
88 silly addNameRange     '2.5.4',
88 silly addNameRange     '2.5.5',
88 silly addNameRange     '2.5.6',
88 silly addNameRange     '2.5.7',
88 silly addNameRange     '2.5.8',
88 silly addNameRange     '2.5.9',
88 silly addNameRange     '2.5.10',
88 silly addNameRange     '2.5.11',
88 silly addNameRange     '2.5.12',
88 silly addNameRange     '2.5.13',
88 silly addNameRange     '2.5.14',
88 silly addNameRange     '2.6.0',
88 silly addNameRange     '2.6.1',
88 silly addNameRange     '2.6.2',
88 silly addNameRange     '2.6.3',
88 silly addNameRange     '2.6.4',
88 silly addNameRange     '2.6.5',
88 silly addNameRange     '2.6.6',
88 silly addNameRange     '2.6.7',
88 silly addNameRange     '2.6.8',
88 silly addNameRange     '2.7.0',
88 silly addNameRange     '2.7.1',
88 silly addNameRange     '2.7.2',
88 silly addNameRange     '2.7.4',
88 silly addNameRange     '2.7.3',
88 silly addNameRange     '3.0.0',
88 silly addNameRange     '3.0.1',
88 silly addNameRange     '3.0.2',
88 silly addNameRange     '2.8.0',
88 silly addNameRange     '3.0.3',
88 silly addNameRange     '3.1.0',
88 silly addNameRange     '2.8.1',
88 silly addNameRange     '3.1.1',
88 silly addNameRange     '2.8.2',
88 silly addNameRange     '2.8.3',
88 silly addNameRange     '2.9.0',
88 silly addNameRange     '3.2.0',
88 silly addNameRange     '2.9.1',
88 silly addNameRange     '3.2.1',
88 silly addNameRange     '2.9.2',
88 silly addNameRange     '3.2.2',
88 silly addNameRange     '3.3.0',
88 silly addNameRange     '3.3.1',
88 silly addNameRange     '2.9.3',
88 silly addNameRange     '3.4.0',
88 silly addNameRange     '2.9.4',
88 silly addNameRange     '2.9.5',
88 silly addNameRange     '3.5.0',
88 silly addNameRange     '3.5.1',
88 silly addNameRange     '3.5.2',
88 silly addNameRange     '3.5.3',
88 silly addNameRange     '2.9.6',
88 silly addNameRange     '2.9.7',
88 silly addNameRange     '3.5.4',
88 silly addNameRange     '3.5.5',
88 silly addNameRange     '2.9.8',
88 silly addNameRange     '2.9.9',
88 silly addNameRange     '3.5.6',
88 silly addNameRange     '3.5.7',
88 silly addNameRange     '3.5.8',
88 silly addNameRange     '2.9.10',
88 silly addNameRange     '3.5.9',
88 silly addNameRange     '3.6.2',
88 silly addNameRange     '3.5.10',
88 silly addNameRange     '3.6.3',
88 silly addNameRange     '3.5.11',
88 silly addNameRange     '3.6.4',
88 silly addNameRange     '3.6.5',
88 silly addNameRange     '3.6.6',
88 silly addNameRange     '3.6.7',
88 silly addNameRange     '3.5.12',
88 silly addNameRange     '3.6.8',
88 silly addNameRange     '3.6.9',
88 silly addNameRange     '3.6.10',
88 silly addNameRange     '3.5.13',
88 silly addNameRange     '3.5.14',
88 silly addNameRange     '3.6.11',
88 silly addNameRange     '3.6.12',
88 silly addNameRange     '3.6.13',
88 silly addNameRange     '3.6.14',
88 silly addNameRange     '3.6.15',
88 silly addNameRange     '3.5.15',
88 silly addNameRange     '3.7.0',
88 silly addNameRange     '3.6.16',
88 silly addNameRange     '3.5.16',
88 silly addNameRange     '3.6.17',
88 silly addNameRange     '3.7.2',
88 silly addNameRange     '3.0.0-alpha1',
88 silly addNameRange     '3.0.0-alpha2',
88 silly addNameRange     '3.0.0-rc0',
88 silly addNameRange     '3.6.0-rc0',
88 silly addNameRange     '3.6.0-rc1',
88 silly addNameRange     '3.6.18',
88 silly addNameRange     '3.7.3',
88 silly addNameRange     '3.6.19',
88 silly addNameRange     '3.6.20',
88 silly addNameRange     '3.7.4',
88 silly addNameRange     '3.8.0',
88 silly addNameRange     '3.8.1',
88 silly addNameRange     '3.8.2',
88 silly addNameRange     '3.8.3',
88 silly addNameRange     '3.8.4',
88 silly addNameRange     '3.8.5',
88 silly addNameRange     '3.8.6',
88 silly addNameRange     '3.8.7',
88 silly addNameRange     '3.8.8',
88 silly addNameRange     '3.8.9',
88 silly addNameRange     '3.8.10',
88 silly addNameRange     '3.8.11',
88 silly addNameRange     '3.9.0',
88 silly addNameRange     '3.8.12',
88 silly addNameRange     '3.8.13',
88 silly addNameRange     '3.8.14',
88 silly addNameRange     '3.8.15',
88 silly addNameRange     '3.9.1',
88 silly addNameRange     '3.8.16',
88 silly addNameRange     '3.9.2',
88 silly addNameRange     '3.8.17',
88 silly addNameRange     '3.9.3',
88 silly addNameRange     '3.8.18',
88 silly addNameRange     '3.9.4',
88 silly addNameRange     '3.8.19',
88 silly addNameRange     '3.9.5',
88 silly addNameRange     '3.8.20',
88 silly addNameRange     '3.9.6',
88 silly addNameRange     '3.8.21',
88 silly addNameRange     '3.9.7',
88 silly addNameRange     '3.8.22',
88 silly addNameRange     '4.0.0-rc0',
88 silly addNameRange     '4.0.0-rc1',
88 silly addNameRange     '3.8.23',
88 silly addNameRange     '4.0.0-rc2',
88 silly addNameRange     '3.8.24',
88 silly addNameRange     '4.0.0-rc3',
88 silly addNameRange     '3.8.25',
88 silly addNameRange     '4.0.0-rc4',
88 silly addNameRange     '4.0.0',
88 silly addNameRange     '4.0.1',
88 silly addNameRange     '3.8.26',
88 silly addNameRange     '3.8.27',
88 silly addNameRange     '4.0.2',
88 silly addNameRange     '3.8.28',
88 silly addNameRange     '4.0.3',
88 silly addNameRange     '3.8.29',
88 silly addNameRange     '4.0.4',
88 silly addNameRange     '3.8.30',
88 silly addNameRange     '4.0.5',
88 silly addNameRange     '3.8.31',
88 silly addNameRange     '4.0.6',
88 silly addNameRange     '3.8.33',
88 silly addNameRange     '4.0.7',
88 silly addNameRange     '3.8.34',
88 silly addNameRange     '4.0.8',
88 silly addNameRange     '4.1.0' ] ]
89 verbose addNamed [ 'mongoose', '3.6.20' ]
90 verbose addNamed [ '3.6.20', '3.6.20' ]
91 silly lockFile 9e27220e-mongoose-3-6-20 mongoose@3.6.20
92 verbose lock mongoose@3.6.20 C:\Users\Idan\AppData\Roaming\npm-cache\9e27220e-mongoose-3-6-20.lock
93 silly lockFile 70e7f37f-express-4-7-4 express@4.7.4
94 silly lockFile 70e7f37f-express-4-7-4 express@4.7.4
95 silly lockFile ef4e1f61-express-4-7-2 express@~4.7.2
96 silly lockFile ef4e1f61-express-4-7-2 express@~4.7.2
97 silly lockFile 9e27220e-mongoose-3-6-20 mongoose@3.6.20
98 silly lockFile 9e27220e-mongoose-3-6-20 mongoose@3.6.20
99 silly lockFile 96ad86c1-mongoose-3-6-2 mongoose@~3.6.2
100 silly lockFile 96ad86c1-mongoose-3-6-2 mongoose@~3.6.2
101 error notarget No compatible version found: request@'>=2.6.0-0 <2.7.0-0'
101 error notarget Valid install targets:
101 error notarget ["0.10.0","0.8.3","0.9.0","0.9.1","0.9.5","1.0.0","1.1.0","1.1.1","1.2.0","1.9.0","1.9.1","1.9.2","1.9.3","1.9.5","1.9.7","1.9.8","1.9.9","2.0.0","2.0.1","2.0.2","2.0.3","2.0.4","2.0.5","2.1.0","2.1.1","2.2.0","2.2.5","2.2.6","2.2.9","2.9.0","2.9.1","2.9.2","2.9.3","2.9.100","2.9.150","2.9.151","2.9.152","2.9.153","2.9.200","2.9.201","2.9.202","2.9.203","2.10.0","2.11.0","2.11.1","2.11.2","2.11.3","2.11.4","2.12.0","2.14.0","2.16.0","2.16.2","2.16.4","2.16.6","2.18.0","2.19.0","2.20.0","2.21.0","2.22.0","2.23.0","2.24.0","2.25.0","2.26.0","2.27.0","2.28.0","2.29.0","2.30.0","2.31.0","2.32.0","2.33.0","2.34.0","2.35.0","2.36.0","2.37.0","2.38.0","2.39.0","2.40.0","2.41.0","2.42.0","2.43.0","2.44.0","2.45.0","2.46.0","2.47.0","2.48.0","2.49.0","2.50.0","2.51.0","2.52.0","2.53.0","2.54.0","2.55.0","2.56.0","2.57.0","2.58.0","2.59.0","2.60.0"]
101 error notarget
101 error notarget This is most likely not a problem with npm itself.
101 error notarget In most cases you or one of your dependencies are requesting
101 error notarget a package version that doesn't exist.
102 error System Windows_NT 6.1.7601
103 error command "C:\\Program Files\\nodejs\\\\node.exe" "C:\\Program Files\\nodejs\\node_modules\\npm\\bin\\npm-cli.js" "install"
104 error cwd C:\Workspace_Node\BigPanda\final_answer
105 error node -v v0.10.32
106 error npm -v 1.4.28
107 error code ETARGET
108 verbose exit [ 1, true ]
